---Loaded RQVAE Iter 399999---



it:2000
date:0111

Eval 1: 100%|████████████████████████████| 88/88 [13:25<00:00,  9.15s/it]
loss: 1.6399: 100%|███████████████| 20001/20001 [14:41<00:00, 881.24s/it]
{'h@1_slice_:1': 0.015874435451415283, 
'h@5_slice_:1': 0.048294057147967626, 
'h@10_slice_:1': 0.07360372043106918, 
'h@1_pos_0': 0.015874435451415283, 
'h@5_pos_0': 0.048294057147967626, 
'h@10_pos_0': 0.07360372043106918, 
'h@1_slice_:2': 0.0073782587309394985, 
'h@5_slice_:2': 0.019764790055001567, 
'h@10_slice_:2': 0.029870768680409606, 
'h@1_pos_1': 0.012699548361132228, 
'h@5_pos_1': 0.04485086974019586, 
'h@10_pos_1': 0.07928274381791352,
'h@1_slice_:3': 0.007199391852613693, 
'h@5_slice_:3': 0.018646872065465277, 
'h@10_slice_:3': 0.02772436614049993, 
'h@1_pos_2': 0.012162947726154809, 
'h@5_pos_2': 0.044985019898940215, 
'h@10_pos_2': 0.07637615704511917, 
'h@1_slice_:4': 0.007154675133032241, 
'h@5_slice_:4': 0.018557438626302374, 
'h@10_slice_:4': 0.027590215981755577, 
'h@1_pos_3': 0.9181236864463623,
'h@5_pos_3': 0.9641371908956758, 
'h@10_pos_3': 0.9678933953405178}